g:\github\zerymar\banjo\sdl-banjo\banjo\x64\debug\vc143.pdb
g:\github\zerymar\banjo\sdl-banjo\banjo\x64\debug\vc143.idb
g:\github\zerymar\banjo\sdl-banjo\banjo\x64\debug\vector3.obj
g:\github\zerymar\banjo\sdl-banjo\banjo\x64\debug\vector2.obj
g:\github\zerymar\banjo\sdl-banjo\banjo\x64\debug\triangleshape.obj
g:\github\zerymar\banjo\sdl-banjo\banjo\x64\debug\shape.obj
g:\github\zerymar\banjo\sdl-banjo\banjo\x64\debug\main.obj
g:\github\zerymar\banjo\sdl-banjo\banjo\x64\debug\rendersystem.obj
g:\github\zerymar\banjo\sdl-banjo\banjo\x64\debug\playerinputsystem.obj
g:\github\zerymar\banjo\sdl-banjo\banjo\x64\debug\physicssystem.obj
g:\github\zerymar\banjo\sdl-banjo\banjo\x64\debug\game.obj
g:\github\zerymar\banjo\sdl-banjo\banjo\x64\debug\entitymanager.obj
g:\github\zerymar\banjo\sdl-banjo\banjo\x64\debug\inputcomponent.obj
g:\github\zerymar\banjo\sdl-banjo\x64\debug\banjo.exe
g:\github\zerymar\banjo\sdl-banjo\banjo\x64\debug\banjo.ilk
g:\github\zerymar\banjo\sdl-banjo\x64\debug\banjo.pdb
g:\github\zerymar\banjo\sdl-banjo\banjo\x64\debug\banjo.tlog\cl.command.1.tlog
g:\github\zerymar\banjo\sdl-banjo\banjo\x64\debug\banjo.tlog\cl.read.1.tlog
g:\github\zerymar\banjo\sdl-banjo\banjo\x64\debug\banjo.tlog\cl.write.1.tlog
g:\github\zerymar\banjo\sdl-banjo\banjo\x64\debug\banjo.tlog\link.command.1.tlog
g:\github\zerymar\banjo\sdl-banjo\banjo\x64\debug\banjo.tlog\link.read.1.tlog
g:\github\zerymar\banjo\sdl-banjo\banjo\x64\debug\banjo.tlog\link.write.1.tlog
